WARNING: All log messages before absl::InitializeLog() is called are written to STDERR
I0000 00:00:1774125719.042537 3326045 cpu_feature_guard.cc:210] This TensorFlow binary is optimized to use available CPU instructions in performance-critical operations.
To enable the following instructions: SSE3 SSE4.1 SSE4.2 AVX AVX2 FMA, in other operations, rebuild TensorFlow with the appropriate compiler flags.
[32m2026-03-21 20:42:05[0m | [1mINFO    [0m | [36mmodel.cnn[0m:[36m__init__[0m:[36m73[0m - [1m============================================================[0m
[32m2026-03-21 20:42:05[0m | [1mINFO    [0m | [36mmodel.cnn[0m:[36m__init__[0m:[36m74[0m - [1mCNN Architecture Hyperparameters:[0m
[32m2026-03-21 20:42:05[0m | [1mINFO    [0m | [36mmodel.cnn[0m:[36m__init__[0m:[36m75[0m - [1m  Conv1: filters=16, kernel=9, padding=4[0m
[32m2026-03-21 20:42:05[0m | [1mINFO    [0m | [36mmodel.cnn[0m:[36m__init__[0m:[36m76[0m - [1m  Conv2: filters=32, kernel=5, padding=2[0m
[32m2026-03-21 20:42:05[0m | [1mINFO    [0m | [36mmodel.cnn[0m:[36m__init__[0m:[36m77[0m - [1m  Conv3: filters=64, kernel=3, padding=1[0m
[32m2026-03-21 20:42:05[0m | [1mINFO    [0m | [36mmodel.cnn[0m:[36m__init__[0m:[36m78[0m - [1m  Pool size: 4[0m
[32m2026-03-21 20:42:05[0m | [1mINFO    [0m | [36mmodel.cnn[0m:[36m__init__[0m:[36m79[0m - [1m  FC1 size: 120[0m
[32m2026-03-21 20:42:05[0m | [1mINFO    [0m | [36mmodel.cnn[0m:[36m__init__[0m:[36m80[0m - [1m  FC2 size: 60[0m
[32m2026-03-21 20:42:05[0m | [1mINFO    [0m | [36mmodel.cnn[0m:[36m__init__[0m:[36m81[0m - [1m  Dropout rate: 0.3174406521909574[0m
[32m2026-03-21 20:42:05[0m | [1mINFO    [0m | [36mmodel.cnn[0m:[36m__init__[0m:[36m82[0m - [1m  Classification mode: False[0m
[32m2026-03-21 20:42:05[0m | [1mINFO    [0m | [36mmodel.cnn[0m:[36m__init__[0m:[36m83[0m - [1m  Normalization type: meanvar-whole[0m
[32m2026-03-21 20:42:05[0m | [1mINFO    [0m | [36mmodel.cnn[0m:[36m__init__[0m:[36m84[0m - [1m============================================================[0m
[32m2026-03-21 20:42:05[0m | [1mINFO    [0m | [36mmodel.dataset[0m:[36m__init__[0m:[36m97[0m - [1mLoading existing dataset from /eagle/fusiondl_aesp/starlightjason2/DLDL/data/processed_data/processed_dataset_meanvar-whole.pt[0m
[32m2026-03-21 20:42:16[0m | [1mINFO    [0m | [36mmodel.cnn[0m:[36m__init__[0m:[36m94[0m - [1mDataset loaded: 39428 examples, max_length=60201[0m
[32m2026-03-21 20:42:16[0m | [1mINFO    [0m | [36mmodel.cnn[0m:[36mtrain_model[0m:[36m276[0m - [1mGPUs Available: 4[0m
[32m2026-03-21 20:42:16[0m | [1mINFO    [0m | [36mmodel.cnn[0m:[36mtrain_model[0m:[36m284[0m - [1mSingle-process training (world_size=1)[0m
[32m2026-03-21 20:42:16[0m | [1mINFO    [0m | [36mmodel.cnn[0m:[36mtrain_model[0m:[36m300[0m - [1m============================================================[0m
[32m2026-03-21 20:42:16[0m | [1mINFO    [0m | [36mmodel.cnn[0m:[36mtrain_model[0m:[36m301[0m - [1mTraining Hyperparameters:[0m
[32m2026-03-21 20:42:16[0m | [1mINFO    [0m | [36mmodel.cnn[0m:[36mtrain_model[0m:[36m302[0m - [1m  Learning rate: 7.490276944888552e-05[0m
[32m2026-03-21 20:42:16[0m | [1mINFO    [0m | [36mmodel.cnn[0m:[36mtrain_model[0m:[36m303[0m - [1m  Number of epochs: 150[0m
[32m2026-03-21 20:42:16[0m | [1mINFO    [0m | [36mmodel.cnn[0m:[36mtrain_model[0m:[36m304[0m - [1m  Batch size: 128[0m
[32m2026-03-21 20:42:16[0m | [1mINFO    [0m | [36mmodel.cnn[0m:[36mtrain_model[0m:[36m305[0m - [1m  Weight decay: 0.0001[0m
[32m2026-03-21 20:42:16[0m | [1mINFO    [0m | [36mmodel.cnn[0m:[36mtrain_model[0m:[36m306[0m - [1m  Log interval: 50[0m
[32m2026-03-21 20:42:16[0m | [1mINFO    [0m | [36mmodel.cnn[0m:[36mtrain_model[0m:[36m307[0m - [1m  LR scheduler: True[0m
[32m2026-03-21 20:42:16[0m | [1mINFO    [0m | [36mmodel.cnn[0m:[36mtrain_model[0m:[36m309[0m - [1m    Factor: 0.5, Patience: 5[0m
[32m2026-03-21 20:42:16[0m | [1mINFO    [0m | [36mmodel.cnn[0m:[36mtrain_model[0m:[36m310[0m - [1m  Early stopping patience: 10[0m
[32m2026-03-21 20:42:16[0m | [1mINFO    [0m | [36mmodel.cnn[0m:[36mtrain_model[0m:[36m311[0m - [1m  Gradient clip: 1.0[0m
[32m2026-03-21 20:42:16[0m | [1mINFO    [0m | [36mmodel.cnn[0m:[36mtrain_model[0m:[36m312[0m - [1m  DataLoader num_workers: 4 (0 when no GPU)[0m
[32m2026-03-21 20:42:16[0m | [1mINFO    [0m | [36mmodel.cnn[0m:[36mtrain_model[0m:[36m313[0m - [1m============================================================[0m
[32m2026-03-21 20:42:24[0m | [1mINFO    [0m | [36mmodel.cnn[0m:[36mtrain_model[0m:[36m389[0m - [1mEpoch 0/150, Batch 0, [0/31542] Loss 1.050199[0m
[32m2026-03-21 20:42:27[0m | [1mINFO    [0m | [36mmodel.cnn[0m:[36mtrain_model[0m:[36m389[0m - [1mEpoch 0/150, Batch 50, [6400/31542] Loss 0.620305[0m
[32m2026-03-21 20:42:29[0m | [1mINFO    [0m | [36mmodel.cnn[0m:[36mtrain_model[0m:[36m389[0m - [1mEpoch 0/150, Batch 100, [12800/31542] Loss 0.523877[0m
[32m2026-03-21 20:42:32[0m | [1mINFO    [0m | [36mmodel.cnn[0m:[36mtrain_model[0m:[36m389[0m - [1mEpoch 0/150, Batch 150, [19200/31542] Loss 0.492616[0m
[32m2026-03-21 20:42:34[0m | [1mINFO    [0m | [36mmodel.cnn[0m:[36mtrain_model[0m:[36m389[0m - [1mEpoch 0/150, Batch 200, [25600/31542] Loss 0.437917[0m
[32m2026-03-21 20:42:37[0m | [1mINFO    [0m | [36mmodel.cnn[0m:[36mtrain_model[0m:[36m428[0m - [1mNew best validation loss: 0.387766[0m
[32m2026-03-21 20:42:37[0m | [1mINFO    [0m | [36mmodel.cnn[0m:[36mtrain_model[0m:[36m356[0m - [1m--------------------------------[0m
[32m2026-03-21 20:42:37[0m | [1mINFO    [0m | [36mmodel.cnn[0m:[36mtrain_model[0m:[36m389[0m - [1mEpoch 1/150, Batch 0, [0/31542] Loss 0.352974[0m
[32m2026-03-21 20:42:39[0m | [1mINFO    [0m | [36mmodel.cnn[0m:[36mtrain_model[0m:[36m389[0m - [1mEpoch 1/150, Batch 50, [6400/31542] Loss 0.393204[0m
[32m2026-03-21 20:42:42[0m | [1mINFO    [0m | [36mmodel.cnn[0m:[36mtrain_model[0m:[36m389[0m - [1mEpoch 1/150, Batch 100, [12800/31542] Loss 0.340757[0m
[32m2026-03-21 20:42:44[0m | [1mINFO    [0m | [36mmodel.cnn[0m:[36mtrain_model[0m:[36m389[0m - [1mEpoch 1/150, Batch 150, [19200/31542] Loss 0.336115[0m
[32m2026-03-21 20:42:47[0m | [1mINFO    [0m | [36mmodel.cnn[0m:[36mtrain_model[0m:[36m389[0m - [1mEpoch 1/150, Batch 200, [25600/31542] Loss 0.255927[0m
[32m2026-03-21 20:42:49[0m | [1mINFO    [0m | [36mmodel.cnn[0m:[36mtrain_model[0m:[36m428[0m - [1mNew best validation loss: 0.346173[0m
[32m2026-03-21 20:42:49[0m | [1mINFO    [0m | [36mmodel.cnn[0m:[36mtrain_model[0m:[36m356[0m - [1m--------------------------------[0m
[32m2026-03-21 20:42:49[0m | [1mINFO    [0m | [36mmodel.cnn[0m:[36mtrain_model[0m:[36m389[0m - [1mEpoch 2/150, Batch 0, [0/31542] Loss 0.321934[0m
[32m2026-03-21 20:42:52[0m | [1mINFO    [0m | [36mmodel.cnn[0m:[36mtrain_model[0m:[36m389[0m - [1mEpoch 2/150, Batch 50, [6400/31542] Loss 0.256561[0m
[32m2026-03-21 20:42:54[0m | [1mINFO    [0m | [36mmodel.cnn[0m:[36mtrain_model[0m:[36m389[0m - [1mEpoch 2/150, Batch 100, [12800/31542] Loss 0.257547[0m
[32m2026-03-21 20:42:57[0m | [1mINFO    [0m | [36mmodel.cnn[0m:[36mtrain_model[0m:[36m389[0m - [1mEpoch 2/150, Batch 150, [19200/31542] Loss 0.247957[0m
[32m2026-03-21 20:42:59[0m | [1mINFO    [0m | [36mmodel.cnn[0m:[36mtrain_model[0m:[36m389[0m - [1mEpoch 2/150, Batch 200, [25600/31542] Loss 0.232453[0m
[32m2026-03-21 20:43:02[0m | [1mINFO    [0m | [36mmodel.cnn[0m:[36mtrain_model[0m:[36m428[0m - [1mNew best validation loss: 0.293390[0m
[32m2026-03-21 20:43:02[0m | [1mINFO    [0m | [36mmodel.cnn[0m:[36mtrain_model[0m:[36m356[0m - [1m--------------------------------[0m
[32m2026-03-21 20:43:02[0m | [1mINFO    [0m | [36mmodel.cnn[0m:[36mtrain_model[0m:[36m389[0m - [1mEpoch 3/150, Batch 0, [0/31542] Loss 0.246563[0m
[32m2026-03-21 20:43:04[0m | [1mINFO    [0m | [36mmodel.cnn[0m:[36mtrain_model[0m:[36m389[0m - [1mEpoch 3/150, Batch 50, [6400/31542] Loss 0.246749[0m
[32m2026-03-21 20:43:07[0m | [1mINFO    [0m | [36mmodel.cnn[0m:[36mtrain_model[0m:[36m389[0m - [1mEpoch 3/150, Batch 100, [12800/31542] Loss 0.191651[0m
[32m2026-03-21 20:43:09[0m | [1mINFO    [0m | [36mmodel.cnn[0m:[36mtrain_model[0m:[36m389[0m - [1mEpoch 3/150, Batch 150, [19200/31542] Loss 0.237858[0m
[32m2026-03-21 20:43:11[0m | [1mINFO    [0m | [36mmodel.cnn[0m:[36mtrain_model[0m:[36m389[0m - [1mEpoch 3/150, Batch 200, [25600/31542] Loss 0.203116[0m
[32m2026-03-21 20:43:14[0m | [1mINFO    [0m | [36mmodel.cnn[0m:[36mtrain_model[0m:[36m356[0m - [1m--------------------------------[0m
[32m2026-03-21 20:43:14[0m | [1mINFO    [0m | [36mmodel.cnn[0m:[36mtrain_model[0m:[36m389[0m - [1mEpoch 4/150, Batch 0, [0/31542] Loss 0.221258[0m
[32m2026-03-21 20:43:17[0m | [1mINFO    [0m | [36mmodel.cnn[0m:[36mtrain_model[0m:[36m389[0m - [1mEpoch 4/150, Batch 50, [6400/31542] Loss 0.178405[0m
[32m2026-03-21 20:43:19[0m | [1mINFO    [0m | [36mmodel.cnn[0m:[36mtrain_model[0m:[36m389[0m - [1mEpoch 4/150, Batch 100, [12800/31542] Loss 0.217201[0m
[32m2026-03-21 20:43:21[0m | [1mINFO    [0m | [36mmodel.cnn[0m:[36mtrain_model[0m:[36m389[0m - [1mEpoch 4/150, Batch 150, [19200/31542] Loss 0.155715[0m
[32m2026-03-21 20:43:24[0m | [1mINFO    [0m | [36mmodel.cnn[0m:[36mtrain_model[0m:[36m389[0m - [1mEpoch 4/150, Batch 200, [25600/31542] Loss 0.184572[0m
[32m2026-03-21 20:43:26[0m | [1mINFO    [0m | [36mmodel.cnn[0m:[36mtrain_model[0m:[36m428[0m - [1mNew best validation loss: 0.264934[0m
[32m2026-03-21 20:43:26[0m | [1mINFO    [0m | [36mmodel.cnn[0m:[36mtrain_model[0m:[36m356[0m - [1m--------------------------------[0m
[32m2026-03-21 20:43:27[0m | [1mINFO    [0m | [36mmodel.cnn[0m:[36mtrain_model[0m:[36m389[0m - [1mEpoch 5/150, Batch 0, [0/31542] Loss 0.172503[0m
[32m2026-03-21 20:43:29[0m | [1mINFO    [0m | [36mmodel.cnn[0m:[36mtrain_model[0m:[36m389[0m - [1mEpoch 5/150, Batch 50, [6400/31542] Loss 0.198874[0m
[32m2026-03-21 20:43:31[0m | [1mINFO    [0m | [36mmodel.cnn[0m:[36mtrain_model[0m:[36m389[0m - [1mEpoch 5/150, Batch 100, [12800/31542] Loss 0.133255[0m
[32m2026-03-21 20:43:34[0m | [1mINFO    [0m | [36mmodel.cnn[0m:[36mtrain_model[0m:[36m389[0m - [1mEpoch 5/150, Batch 150, [19200/31542] Loss 0.154591[0m
[32m2026-03-21 20:43:36[0m | [1mINFO    [0m | [36mmodel.cnn[0m:[36mtrain_model[0m:[36m389[0m - [1mEpoch 5/150, Batch 200, [25600/31542] Loss 0.174293[0m
[32m2026-03-21 20:43:39[0m | [1mINFO    [0m | [36mmodel.cnn[0m:[36mtrain_model[0m:[36m428[0m - [1mNew best validation loss: 0.262286[0m
[32m2026-03-21 20:43:39[0m | [1mINFO    [0m | [36mmodel.cnn[0m:[36mtrain_model[0m:[36m356[0m - [1m--------------------------------[0m
[32m2026-03-21 20:43:39[0m | [1mINFO    [0m | [36mmodel.cnn[0m:[36mtrain_model[0m:[36m389[0m - [1mEpoch 6/150, Batch 0, [0/31542] Loss 0.159585[0m
[32m2026-03-21 20:43:41[0m | [1mINFO    [0m | [36mmodel.cnn[0m:[36mtrain_model[0m:[36m389[0m - [1mEpoch 6/150, Batch 50, [6400/31542] Loss 0.124158[0m
[32m2026-03-21 20:43:44[0m | [1mINFO    [0m | [36mmodel.cnn[0m:[36mtrain_model[0m:[36m389[0m - [1mEpoch 6/150, Batch 100, [12800/31542] Loss 0.153203[0m
[32m2026-03-21 20:43:46[0m | [1mINFO    [0m | [36mmodel.cnn[0m:[36mtrain_model[0m:[36m389[0m - [1mEpoch 6/150, Batch 150, [19200/31542] Loss 0.123088[0m
[32m2026-03-21 20:43:48[0m | [1mINFO    [0m | [36mmodel.cnn[0m:[36mtrain_model[0m:[36m389[0m - [1mEpoch 6/150, Batch 200, [25600/31542] Loss 0.122892[0m
[32m2026-03-21 20:43:51[0m | [1mINFO    [0m | [36mmodel.cnn[0m:[36mtrain_model[0m:[36m356[0m - [1m--------------------------------[0m
[32m2026-03-21 20:43:51[0m | [1mINFO    [0m | [36mmodel.cnn[0m:[36mtrain_model[0m:[36m389[0m - [1mEpoch 7/150, Batch 0, [0/31542] Loss 0.092137[0m
[32m2026-03-21 20:43:54[0m | [1mINFO    [0m | [36mmodel.cnn[0m:[36mtrain_model[0m:[36m389[0m - [1mEpoch 7/150, Batch 50, [6400/31542] Loss 0.146452[0m
[32m2026-03-21 20:43:56[0m | [1mINFO    [0m | [36mmodel.cnn[0m:[36mtrain_model[0m:[36m389[0m - [1mEpoch 7/150, Batch 100, [12800/31542] Loss 0.183083[0m
[32m2026-03-21 20:43:58[0m | [1mINFO    [0m | [36mmodel.cnn[0m:[36mtrain_model[0m:[36m389[0m - [1mEpoch 7/150, Batch 150, [19200/31542] Loss 0.150523[0m
[32m2026-03-21 20:44:01[0m | [1mINFO    [0m | [36mmodel.cnn[0m:[36mtrain_model[0m:[36m389[0m - [1mEpoch 7/150, Batch 200, [25600/31542] Loss 0.129661[0m
[32m2026-03-21 20:44:03[0m | [1mINFO    [0m | [36mmodel.cnn[0m:[36mtrain_model[0m:[36m428[0m - [1mNew best validation loss: 0.218867[0m
[32m2026-03-21 20:44:03[0m | [1mINFO    [0m | [36mmodel.cnn[0m:[36mtrain_model[0m:[36m356[0m - [1m--------------------------------[0m
[32m2026-03-21 20:44:04[0m | [1mINFO    [0m | [36mmodel.cnn[0m:[36mtrain_model[0m:[36m389[0m - [1mEpoch 8/150, Batch 0, [0/31542] Loss 0.113983[0m
[32m2026-03-21 20:44:06[0m | [1mINFO    [0m | [36mmodel.cnn[0m:[36mtrain_model[0m:[36m389[0m - [1mEpoch 8/150, Batch 50, [6400/31542] Loss 0.127501[0m
[32m2026-03-21 20:44:08[0m | [1mINFO    [0m | [36mmodel.cnn[0m:[36mtrain_model[0m:[36m389[0m - [1mEpoch 8/150, Batch 100, [12800/31542] Loss 0.110541[0m
[32m2026-03-21 20:44:11[0m | [1mINFO    [0m | [36mmodel.cnn[0m:[36mtrain_model[0m:[36m389[0m - [1mEpoch 8/150, Batch 150, [19200/31542] Loss 0.108679[0m
[32m2026-03-21 20:44:13[0m | [1mINFO    [0m | [36mmodel.cnn[0m:[36mtrain_model[0m:[36m389[0m - [1mEpoch 8/150, Batch 200, [25600/31542] Loss 0.146571[0m
[32m2026-03-21 20:44:16[0m | [1mINFO    [0m | [36mmodel.cnn[0m:[36mtrain_model[0m:[36m356[0m - [1m--------------------------------[0m
[32m2026-03-21 20:44:16[0m | [1mINFO    [0m | [36mmodel.cnn[0m:[36mtrain_model[0m:[36m389[0m - [1mEpoch 9/150, Batch 0, [0/31542] Loss 0.099099[0m
[32m2026-03-21 20:44:18[0m | [1mINFO    [0m | [36mmodel.cnn[0m:[36mtrain_model[0m:[36m389[0m - [1mEpoch 9/150, Batch 50, [6400/31542] Loss 0.087630[0m
[32m2026-03-21 20:44:21[0m | [1mINFO    [0m | [36mmodel.cnn[0m:[36mtrain_model[0m:[36m389[0m - [1mEpoch 9/150, Batch 100, [12800/31542] Loss 0.126797[0m
[32m2026-03-21 20:44:23[0m | [1mINFO    [0m | [36mmodel.cnn[0m:[36mtrain_model[0m:[36m389[0m - [1mEpoch 9/150, Batch 150, [19200/31542] Loss 0.104934[0m
[32m2026-03-21 20:44:25[0m | [1mINFO    [0m | [36mmodel.cnn[0m:[36mtrain_model[0m:[36m389[0m - [1mEpoch 9/150, Batch 200, [25600/31542] Loss 0.137074[0m
[32m2026-03-21 20:44:28[0m | [1mINFO    [0m | [36mmodel.cnn[0m:[36mtrain_model[0m:[36m428[0m - [1mNew best validation loss: 0.207219[0m
[32m2026-03-21 20:44:28[0m | [1mINFO    [0m | [36mmodel.cnn[0m:[36mtrain_model[0m:[36m356[0m - [1m--------------------------------[0m
[32m2026-03-21 20:44:28[0m | [1mINFO    [0m | [36mmodel.cnn[0m:[36mtrain_model[0m:[36m389[0m - [1mEpoch 10/150, Batch 0, [0/31542] Loss 0.080397[0m
[32m2026-03-21 20:44:31[0m | [1mINFO    [0m | [36mmodel.cnn[0m:[36mtrain_model[0m:[36m389[0m - [1mEpoch 10/150, Batch 50, [6400/31542] Loss 0.059105[0m
[32m2026-03-21 20:44:33[0m | [1mINFO    [0m | [36mmodel.cnn[0m:[36mtrain_model[0m:[36m389[0m - [1mEpoch 10/150, Batch 100, [12800/31542] Loss 0.102992[0m
[32m2026-03-21 20:44:35[0m | [1mINFO    [0m | [36mmodel.cnn[0m:[36mtrain_model[0m:[36m389[0m - [1mEpoch 10/150, Batch 150, [19200/31542] Loss 0.068682[0m
[32m2026-03-21 20:44:38[0m | [1mINFO    [0m | [36mmodel.cnn[0m:[36mtrain_model[0m:[36m389[0m - [1mEpoch 10/150, Batch 200, [25600/31542] Loss 0.086277[0m
[32m2026-03-21 20:44:40[0m | [1mINFO    [0m | [36mmodel.cnn[0m:[36mtrain_model[0m:[36m356[0m - [1m--------------------------------[0m
[32m2026-03-21 20:44:40[0m | [1mINFO    [0m | [36mmodel.cnn[0m:[36mtrain_model[0m:[36m389[0m - [1mEpoch 11/150, Batch 0, [0/31542] Loss 0.234042[0m
[32m2026-03-21 20:44:43[0m | [1mINFO    [0m | [36mmodel.cnn[0m:[36mtrain_model[0m:[36m389[0m - [1mEpoch 11/150, Batch 50, [6400/31542] Loss 0.072352[0m
[32m2026-03-21 20:44:45[0m | [1mINFO    [0m | [36mmodel.cnn[0m:[36mtrain_model[0m:[36m389[0m - [1mEpoch 11/150, Batch 100, [12800/31542] Loss 0.058382[0m
[32m2026-03-21 20:44:48[0m | [1mINFO    [0m | [36mmodel.cnn[0m:[36mtrain_model[0m:[36m389[0m - [1mEpoch 11/150, Batch 150, [19200/31542] Loss 0.122984[0m
[32m2026-03-21 20:44:50[0m | [1mINFO    [0m | [36mmodel.cnn[0m:[36mtrain_model[0m:[36m389[0m - [1mEpoch 11/150, Batch 200, [25600/31542] Loss 0.097703[0m
[32m2026-03-21 20:44:53[0m | [1mINFO    [0m | [36mmodel.cnn[0m:[36mtrain_model[0m:[36m356[0m - [1m--------------------------------[0m
[32m2026-03-21 20:44:53[0m | [1mINFO    [0m | [36mmodel.cnn[0m:[36mtrain_model[0m:[36m389[0m - [1mEpoch 12/150, Batch 0, [0/31542] Loss 0.069061[0m
[32m2026-03-21 20:44:55[0m | [1mINFO    [0m | [36mmodel.cnn[0m:[36mtrain_model[0m:[36m389[0m - [1mEpoch 12/150, Batch 50, [6400/31542] Loss 0.069137[0m
[32m2026-03-21 20:44:57[0m | [1mINFO    [0m | [36mmodel.cnn[0m:[36mtrain_model[0m:[36m389[0m - [1mEpoch 12/150, Batch 100, [12800/31542] Loss 0.070242[0m
[32m2026-03-21 20:45:00[0m | [1mINFO    [0m | [36mmodel.cnn[0m:[36mtrain_model[0m:[36m389[0m - [1mEpoch 12/150, Batch 150, [19200/31542] Loss 0.070813[0m
[32m2026-03-21 20:45:02[0m | [1mINFO    [0m | [36mmodel.cnn[0m:[36mtrain_model[0m:[36m389[0m - [1mEpoch 12/150, Batch 200, [25600/31542] Loss 0.065568[0m
[32m2026-03-21 20:45:05[0m | [1mINFO    [0m | [36mmodel.cnn[0m:[36mtrain_model[0m:[36m428[0m - [1mNew best validation loss: 0.186683[0m
[32m2026-03-21 20:45:05[0m | [1mINFO    [0m | [36mmodel.cnn[0m:[36mtrain_model[0m:[36m356[0m - [1m--------------------------------[0m
[32m2026-03-21 20:45:05[0m | [1mINFO    [0m | [36mmodel.cnn[0m:[36mtrain_model[0m:[36m389[0m - [1mEpoch 13/150, Batch 0, [0/31542] Loss 0.086206[0m
[32m2026-03-21 20:45:07[0m | [1mINFO    [0m | [36mmodel.cnn[0m:[36mtrain_model[0m:[36m389[0m - [1mEpoch 13/150, Batch 50, [6400/31542] Loss 0.086978[0m
[32m2026-03-21 20:45:10[0m | [1mINFO    [0m | [36mmodel.cnn[0m:[36mtrain_model[0m:[36m389[0m - [1mEpoch 13/150, Batch 100, [12800/31542] Loss 0.136566[0m
[32m2026-03-21 20:45:12[0m | [1mINFO    [0m | [36mmodel.cnn[0m:[36mtrain_model[0m:[36m389[0m - [1mEpoch 13/150, Batch 150, [19200/31542] Loss 0.075789[0m
[32m2026-03-21 20:45:15[0m | [1mINFO    [0m | [36mmodel.cnn[0m:[36mtrain_model[0m:[36m389[0m - [1mEpoch 13/150, Batch 200, [25600/31542] Loss 0.082972[0m
[32m2026-03-21 20:45:17[0m | [1mINFO    [0m | [36mmodel.cnn[0m:[36mtrain_model[0m:[36m356[0m - [1m--------------------------------[0m
[32m2026-03-21 20:45:17[0m | [1mINFO    [0m | [36mmodel.cnn[0m:[36mtrain_model[0m:[36m389[0m - [1mEpoch 14/150, Batch 0, [0/31542] Loss 0.057798[0m
[32m2026-03-21 20:45:20[0m | [1mINFO    [0m | [36mmodel.cnn[0m:[36mtrain_model[0m:[36m389[0m - [1mEpoch 14/150, Batch 50, [6400/31542] Loss 0.080866[0m
[32m2026-03-21 20:45:22[0m | [1mINFO    [0m | [36mmodel.cnn[0m:[36mtrain_model[0m:[36m389[0m - [1mEpoch 14/150, Batch 100, [12800/31542] Loss 0.079185[0m
[32m2026-03-21 20:45:24[0m | [1mINFO    [0m | [36mmodel.cnn[0m:[36mtrain_model[0m:[36m389[0m - [1mEpoch 14/150, Batch 150, [19200/31542] Loss 0.100372[0m
[32m2026-03-21 20:45:27[0m | [1mINFO    [0m | [36mmodel.cnn[0m:[36mtrain_model[0m:[36m389[0m - [1mEpoch 14/150, Batch 200, [25600/31542] Loss 0.075840[0m
[32m2026-03-21 20:45:29[0m | [1mINFO    [0m | [36mmodel.cnn[0m:[36mtrain_model[0m:[36m356[0m - [1m--------------------------------[0m
[32m2026-03-21 20:45:30[0m | [1mINFO    [0m | [36mmodel.cnn[0m:[36mtrain_model[0m:[36m389[0m - [1mEpoch 15/150, Batch 0, [0/31542] Loss 0.036120[0m
[32m2026-03-21 20:45:32[0m | [1mINFO    [0m | [36mmodel.cnn[0m:[36mtrain_model[0m:[36m389[0m - [1mEpoch 15/150, Batch 50, [6400/31542] Loss 0.075798[0m
[32m2026-03-21 20:45:34[0m | [1mINFO    [0m | [36mmodel.cnn[0m:[36mtrain_model[0m:[36m389[0m - [1mEpoch 15/150, Batch 100, [12800/31542] Loss 0.133472[0m
[32m2026-03-21 20:45:37[0m | [1mINFO    [0m | [36mmodel.cnn[0m:[36mtrain_model[0m:[36m389[0m - [1mEpoch 15/150, Batch 150, [19200/31542] Loss 0.119130[0m
[32m2026-03-21 20:45:39[0m | [1mINFO    [0m | [36mmodel.cnn[0m:[36mtrain_model[0m:[36m389[0m - [1mEpoch 15/150, Batch 200, [25600/31542] Loss 0.110745[0m
[32m2026-03-21 20:45:42[0m | [1mINFO    [0m | [36mmodel.cnn[0m:[36mtrain_model[0m:[36m356[0m - [1m--------------------------------[0m
[32m2026-03-21 20:45:42[0m | [1mINFO    [0m | [36mmodel.cnn[0m:[36mtrain_model[0m:[36m389[0m - [1mEpoch 16/150, Batch 0, [0/31542] Loss 0.112328[0m
[32m2026-03-21 20:45:44[0m | [1mINFO    [0m | [36mmodel.cnn[0m:[36mtrain_model[0m:[36m389[0m - [1mEpoch 16/150, Batch 50, [6400/31542] Loss 0.064990[0m
[32m2026-03-21 20:45:47[0m | [1mINFO    [0m | [36mmodel.cnn[0m:[36mtrain_model[0m:[36m389[0m - [1mEpoch 16/150, Batch 100, [12800/31542] Loss 0.073512[0m
[32m2026-03-21 20:45:49[0m | [1mINFO    [0m | [36mmodel.cnn[0m:[36mtrain_model[0m:[36m389[0m - [1mEpoch 16/150, Batch 150, [19200/31542] Loss 0.044388[0m
[32m2026-03-21 20:45:51[0m | [1mINFO    [0m | [36mmodel.cnn[0m:[36mtrain_model[0m:[36m389[0m - [1mEpoch 16/150, Batch 200, [25600/31542] Loss 0.153775[0m
[32m2026-03-21 20:45:54[0m | [1mINFO    [0m | [36mmodel.cnn[0m:[36mtrain_model[0m:[36m356[0m - [1m--------------------------------[0m
[32m2026-03-21 20:45:54[0m | [1mINFO    [0m | [36mmodel.cnn[0m:[36mtrain_model[0m:[36m389[0m - [1mEpoch 17/150, Batch 0, [0/31542] Loss 0.052786[0m
[32m2026-03-21 20:45:57[0m | [1mINFO    [0m | [36mmodel.cnn[0m:[36mtrain_model[0m:[36m389[0m - [1mEpoch 17/150, Batch 50, [6400/31542] Loss 0.045938[0m
[32m2026-03-21 20:45:59[0m | [1mINFO    [0m | [36mmodel.cnn[0m:[36mtrain_model[0m:[36m389[0m - [1mEpoch 17/150, Batch 100, [12800/31542] Loss 0.074924[0m
[32m2026-03-21 20:46:01[0m | [1mINFO    [0m | [36mmodel.cnn[0m:[36mtrain_model[0m:[36m389[0m - [1mEpoch 17/150, Batch 150, [19200/31542] Loss 0.085941[0m
[32m2026-03-21 20:46:04[0m | [1mINFO    [0m | [36mmodel.cnn[0m:[36mtrain_model[0m:[36m389[0m - [1mEpoch 17/150, Batch 200, [25600/31542] Loss 0.071583[0m
[32m2026-03-21 20:46:06[0m | [1mINFO    [0m | [36mmodel.cnn[0m:[36mtrain_model[0m:[36m356[0m - [1m--------------------------------[0m
[32m2026-03-21 20:46:06[0m | [1mINFO    [0m | [36mmodel.cnn[0m:[36mtrain_model[0m:[36m389[0m - [1mEpoch 18/150, Batch 0, [0/31542] Loss 0.047967[0m
[32m2026-03-21 20:46:09[0m | [1mINFO    [0m | [36mmodel.cnn[0m:[36mtrain_model[0m:[36m389[0m - [1mEpoch 18/150, Batch 50, [6400/31542] Loss 0.119927[0m
[32m2026-03-21 20:46:11[0m | [1mINFO    [0m | [36mmodel.cnn[0m:[36mtrain_model[0m:[36m389[0m - [1mEpoch 18/150, Batch 100, [12800/31542] Loss 0.042937[0m
[32m2026-03-21 20:46:14[0m | [1mINFO    [0m | [36mmodel.cnn[0m:[36mtrain_model[0m:[36m389[0m - [1mEpoch 18/150, Batch 150, [19200/31542] Loss 0.058876[0m
[32m2026-03-21 20:46:16[0m | [1mINFO    [0m | [36mmodel.cnn[0m:[36mtrain_model[0m:[36m389[0m - [1mEpoch 18/150, Batch 200, [25600/31542] Loss 0.024711[0m
[32m2026-03-21 20:46:19[0m | [1mINFO    [0m | [36mmodel.cnn[0m:[36mtrain_model[0m:[36m356[0m - [1m--------------------------------[0m
[32m2026-03-21 20:46:19[0m | [1mINFO    [0m | [36mmodel.cnn[0m:[36mtrain_model[0m:[36m389[0m - [1mEpoch 19/150, Batch 0, [0/31542] Loss 0.025800[0m
[32m2026-03-21 20:46:21[0m | [1mINFO    [0m | [36mmodel.cnn[0m:[36mtrain_model[0m:[36m389[0m - [1mEpoch 19/150, Batch 50, [6400/31542] Loss 0.069766[0m
[32m2026-03-21 20:46:23[0m | [1mINFO    [0m | [36mmodel.cnn[0m:[36mtrain_model[0m:[36m389[0m - [1mEpoch 19/150, Batch 100, [12800/31542] Loss 0.028638[0m
[32m2026-03-21 20:46:26[0m | [1mINFO    [0m | [36mmodel.cnn[0m:[36mtrain_model[0m:[36m389[0m - [1mEpoch 19/150, Batch 150, [19200/31542] Loss 0.055246[0m
[32m2026-03-21 20:46:28[0m | [1mINFO    [0m | [36mmodel.cnn[0m:[36mtrain_model[0m:[36m389[0m - [1mEpoch 19/150, Batch 200, [25600/31542] Loss 0.037541[0m
[32m2026-03-21 20:46:31[0m | [1mINFO    [0m | [36mmodel.cnn[0m:[36mtrain_model[0m:[36m356[0m - [1m--------------------------------[0m
[32m2026-03-21 20:46:31[0m | [1mINFO    [0m | [36mmodel.cnn[0m:[36mtrain_model[0m:[36m389[0m - [1mEpoch 20/150, Batch 0, [0/31542] Loss 0.066250[0m
[32m2026-03-21 20:46:33[0m | [1mINFO    [0m | [36mmodel.cnn[0m:[36mtrain_model[0m:[36m389[0m - [1mEpoch 20/150, Batch 50, [6400/31542] Loss 0.095012[0m
[32m2026-03-21 20:46:36[0m | [1mINFO    [0m | [36mmodel.cnn[0m:[36mtrain_model[0m:[36m389[0m - [1mEpoch 20/150, Batch 100, [12800/31542] Loss 0.066418[0m
[32m2026-03-21 20:46:38[0m | [1mINFO    [0m | [36mmodel.cnn[0m:[36mtrain_model[0m:[36m389[0m - [1mEpoch 20/150, Batch 150, [19200/31542] Loss 0.054816[0m
[32m2026-03-21 20:46:40[0m | [1mINFO    [0m | [36mmodel.cnn[0m:[36mtrain_model[0m:[36m389[0m - [1mEpoch 20/150, Batch 200, [25600/31542] Loss 0.055804[0m
[32m2026-03-21 20:46:43[0m | [1mINFO    [0m | [36mmodel.cnn[0m:[36mtrain_model[0m:[36m356[0m - [1m--------------------------------[0m
[32m2026-03-21 20:46:43[0m | [1mINFO    [0m | [36mmodel.cnn[0m:[36mtrain_model[0m:[36m389[0m - [1mEpoch 21/150, Batch 0, [0/31542] Loss 0.045353[0m
[32m2026-03-21 20:46:46[0m | [1mINFO    [0m | [36mmodel.cnn[0m:[36mtrain_model[0m:[36m389[0m - [1mEpoch 21/150, Batch 50, [6400/31542] Loss 0.038601[0m
[32m2026-03-21 20:46:48[0m | [1mINFO    [0m | [36mmodel.cnn[0m:[36mtrain_model[0m:[36m389[0m - [1mEpoch 21/150, Batch 100, [12800/31542] Loss 0.055072[0m
[32m2026-03-21 20:46:50[0m | [1mINFO    [0m | [36mmodel.cnn[0m:[36mtrain_model[0m:[36m389[0m - [1mEpoch 21/150, Batch 150, [19200/31542] Loss 0.044433[0m
[32m2026-03-21 20:46:53[0m | [1mINFO    [0m | [36mmodel.cnn[0m:[36mtrain_model[0m:[36m389[0m - [1mEpoch 21/150, Batch 200, [25600/31542] Loss 0.036626[0m
[32m2026-03-21 20:46:55[0m | [1mINFO    [0m | [36mmodel.cnn[0m:[36mtrain_model[0m:[36m356[0m - [1m--------------------------------[0m
[32m2026-03-21 20:46:56[0m | [1mINFO    [0m | [36mmodel.cnn[0m:[36mtrain_model[0m:[36m389[0m - [1mEpoch 22/150, Batch 0, [0/31542] Loss 0.029882[0m
[32m2026-03-21 20:46:58[0m | [1mINFO    [0m | [36mmodel.cnn[0m:[36mtrain_model[0m:[36m389[0m - [1mEpoch 22/150, Batch 50, [6400/31542] Loss 0.040735[0m
[32m2026-03-21 20:47:00[0m | [1mINFO    [0m | [36mmodel.cnn[0m:[36mtrain_model[0m:[36m389[0m - [1mEpoch 22/150, Batch 100, [12800/31542] Loss 0.028080[0m
[32m2026-03-21 20:47:03[0m | [1mINFO    [0m | [36mmodel.cnn[0m:[36mtrain_model[0m:[36m389[0m - [1mEpoch 22/150, Batch 150, [19200/31542] Loss 0.055043[0m
[32m2026-03-21 20:47:05[0m | [1mINFO    [0m | [36mmodel.cnn[0m:[36mtrain_model[0m:[36m389[0m - [1mEpoch 22/150, Batch 200, [25600/31542] Loss 0.023231[0m
[32m2026-03-21 20:47:08[0m | [1mINFO    [0m | [36mmodel.cnn[0m:[36mtrain_model[0m:[36m436[0m - [1mEarly stopping triggered after 23 epochs (no improvement for 10 epochs)[0m
